This is pdfTeX, Version 3.14159265-2.6-1.40.18 (TeX Live 2017/Debian) (preloaded format=pdflatex 2018.10.23)  16 DEC 2018 17:54
entering extended mode
 restricted \write18 enabled.
 %&-line parsing enabled.
**rapport.tex
(./rapport.tex
LaTeX2e <2017-04-15>
Babel <3.18> and hyphenation patterns for 84 language(s) loaded.
(/usr/share/texlive/texmf-dist/tex/latex/base/article.cls
Document Class: article 2014/09/29 v1.4h Standard LaTeX document class
(/usr/share/texlive/texmf-dist/tex/latex/base/size10.clo
File: size10.clo 2014/09/29 v1.4h Standard LaTeX file (size option)
)
\c@part=\count79
\c@section=\count80
\c@subsection=\count81
\c@subsubsection=\count82
\c@paragraph=\count83
\c@subparagraph=\count84
\c@figure=\count85
\c@table=\count86
\abovecaptionskip=\skip41
\belowcaptionskip=\skip42
\bibindent=\dimen102
)
(/usr/share/texlive/texmf-dist/tex/latex/tools/array.sty
Package: array 2016/10/06 v2.4d Tabular extension package (FMi)
\col@sep=\dimen103
\extrarowheight=\dimen104
\NC@list=\toks14
\extratabsurround=\skip43
\backup@length=\skip44
) (./rapport.aux)
\openout1 = `rapport.aux'.

LaTeX Font Info:    Checking defaults for OML/cmm/m/it on input line 23.
LaTeX Font Info:    ... okay on input line 23.
LaTeX Font Info:    Checking defaults for T1/cmr/m/n on input line 23.
LaTeX Font Info:    ... okay on input line 23.
LaTeX Font Info:    Checking defaults for OT1/cmr/m/n on input line 23.
LaTeX Font Info:    ... okay on input line 23.
LaTeX Font Info:    Checking defaults for OMS/cmsy/m/n on input line 23.
LaTeX Font Info:    ... okay on input line 23.
LaTeX Font Info:    Checking defaults for OMX/cmex/m/n on input line 23.
LaTeX Font Info:    ... okay on input line 23.
LaTeX Font Info:    Checking defaults for U/cmr/m/n on input line 23.
LaTeX Font Info:    ... okay on input line 23.
LaTeX Font Info:    External font `cmex10' loaded for size
(Font)              <12> on input line 25.
LaTeX Font Info:    External font `cmex10' loaded for size
(Font)              <8> on input line 25.
LaTeX Font Info:    External font `cmex10' loaded for size
(Font)              <6> on input line 25.
LaTeX Font Info:    External font `cmex10' loaded for size
(Font)              <7> on input line 30.
LaTeX Font Info:    External font `cmex10' loaded for size
(Font)              <5> on input line 30.

Overfull \hbox (19.04614pt too wide) in paragraph at lines 27--80
\OT1/cmr/m/n/10 Constructors zouden geen ex-cep-tions moeten throwen zoals in $
\OML/cmm/m/it/10 TransactionDB:java$\OT1/cmr/m/n/10 .
 []


Overfull \hbox (6.88951pt too wide) in paragraph at lines 27--80
\OT1/cmr/m/n/10 Voor per-for-mance re-de-nen zouden new ob-jecten buiten lussen
 aange-maakt moeten
 []

[1

{/var/lib/texmf/fonts/map/pdftex/updmap/pdftex.map}]
Overfull \hbox (44.66788pt too wide) in paragraph at lines 82--99
[][] 
 []

[2] [3] [4] (./rapport.aux) ) 
Here is how much of TeX's memory you used:
 296 strings out of 492982
 3230 string characters out of 6134895
 67125 words of memory out of 5000000
 3931 multiletter control sequences out of 15000+600000
 8539 words of font info for 30 fonts, out of 8000000 for 9000
 1141 hyphenation exceptions out of 8191
 23i,8n,17p,627b,199s stack positions out of 5000i,500n,10000p,200000b,80000s
</usr/share/texlive/texmf-dist/fonts/type1/public/
amsfonts/cm/cmbx10.pfb></usr/share/texlive/texmf-dist/fonts/type1/public/amsfon
ts/cm/cmbx12.pfb></usr/share/texlive/texmf-dist/fonts/type1/public/amsfonts/cm/
cmmi10.pfb></usr/share/texlive/texmf-dist/fonts/type1/public/amsfonts/cm/cmmi7.
pfb></usr/share/texlive/texmf-dist/fonts/type1/public/amsfonts/cm/cmr10.pfb></u
sr/share/texlive/texmf-dist/fonts/type1/public/amsfonts/cm/cmr12.pfb></usr/shar
e/texlive/texmf-dist/fonts/type1/public/amsfonts/cm/cmti9.pfb>
Output written on rapport.pdf (4 pages, 100622 bytes).
PDF statistics:
 45 PDF objects out of 1000 (max. 8388607)
 31 compressed objects within 1 object stream
 0 named destinations out of 1000 (max. 500000)
 1 words of extra memory for PDF output out of 10000 (max. 10000000)

